<?xml version="1.0" encoding="UTF-8"?>
<testsuite xmlns:xsi="http://www.w3.org/2001/XMLSchema-instance" xsi:noNamespaceSchemaLocation="https://maven.apache.org/surefire/maven-surefire-plugin/xsd/surefire-test-report.xsd" name="my.demo.springboot.microservice.todo.TodoFeignApplicationTest" time="21.096" tests="2" errors="0" skipped="0" failures="0">
  <properties>
[...]
</properties>
  <testcase name="testFindById" classname="my.demo.springboot.microservice.todo.TodoFeignApplicationTest" time="1.829"/>
  <testcase name="testFindByIdFails" classname="my.demo.springboot.microservice.todo.TodoFeignApplicationTest" time="0.086"/>
</testsuite>